#
# There is insufficient memory for the Java Runtime Environment to continue.
# Native memory allocation (mmap) failed to map 4294967296 bytes for G1 virtual space
# Possible reasons:
#   The system is out of physical RAM or swap space
#   The process is running with CompressedOops enabled, and the Java Heap may be blocking the growth of the native heap
# Possible solutions:
#   Reduce memory load on the system
#   Increase physical memory or swap space
#   Check if swap backing store is full
#   Decrease Java heap size (-Xmx/-Xms)
#   Decrease number of Java threads
#   Decrease Java thread stack sizes (-Xss)
#   Set larger code cache with -XX:ReservedCodeCacheSize=
#   JVM is running with Zero Based Compressed Oops mode in which the Java heap is
#     placed in the first 32GB address space. The Java Heap base address is the
#     maximum limit for the native heap growth. Please use -XX:HeapBaseMinAddress
#     to set the Java Heap base and to place the Java Heap above 32GB virtual address.
# This output file may be truncated or incomplete.
#
#  Out of Memory Error (os_windows.cpp:3548), pid=17108, tid=10344
#
# JRE version:  (17.0.5+8) (build )
# Java VM: OpenJDK 64-Bit Server VM (17.0.5+8, mixed mode, tiered, compressed oops, compressed class ptrs, g1 gc, windows-amd64)
# No core dump will be written. Minidumps are not enabled by default on client versions of Windows
#

---------------  S U M M A R Y ------------

Command Line: -Xshare:off -XX:MaxInlineSize=40 -Djdk.attach.allowAttachSelf -Xmx4G -Xms4G .\AI_chess.jar

Host: Intel(R) Core(TM) i5-10300H CPU @ 2.50GHz, 8 cores, 7G,  Windows 11 , 64 bit Build 22000 (10.0.22000.1219)
Time: Tue Nov 22 14:00:41 2022 Est elapsed time: 0.008567 seconds (0d 0h 0m 0s)

---------------  T H R E A D  ---------------

Current thread (0x000002170cafe7e0):  JavaThread "Unknown thread" [_thread_in_vm, id=10344, stack(0x000000968a400000,0x000000968a500000)]

Stack: [0x000000968a400000,0x000000968a500000]
Native frames: (J=compiled Java code, j=interpreted, Vv=VM code, C=native code)
V  [jvm.dll+0x676b3a]
V  [jvm.dll+0x831444]
V  [jvm.dll+0x832bee]
V  [jvm.dll+0x833253]
V  [jvm.dll+0x244ce5]
V  [jvm.dll+0x673a49]
V  [jvm.dll+0x66811a]
V  [jvm.dll+0x303ceb]
V  [jvm.dll+0x30b1e6]
V  [jvm.dll+0x35adbe]
V  [jvm.dll+0x35afef]
V  [jvm.dll+0x2dab88]
V  [jvm.dll+0x2dbaf4]
V  [jvm.dll+0x803121]
V  [jvm.dll+0x368bb1]
V  [jvm.dll+0x7e265c]
V  [jvm.dll+0x3eb17f]
V  [jvm.dll+0x3eccc1]
C  [jli.dll+0x5267]
C  [ucrtbase.dll+0x26c0c]
C  [KERNEL32.DLL+0x15550]
C  [ntdll.dll+0x485b]


---------------  P R O C E S S  ---------------

Threads class SMR info:
_java_thread_list=0x00007ff97e2a2f18, length=0, elements={
}

Java Threads: ( => current thread )

Other Threads:
  0x000002170ebf9530 GCTaskThread "GC Thread#0" [stack: 0x000000968a500000,0x000000968a600000] [id=15652]
  0x000002170ec0c5f0 ConcurrentGCThread "G1 Main Marker" [stack: 0x000000968a600000,0x000000968a700000] [id=6240]
  0x000002170ec0e650 ConcurrentGCThread "G1 Conc#0" [stack: 0x000000968a700000,0x000000968a800000] [id=10516]

[error occurred during error reporting (printing all threads), id 0xc0000005, EXCEPTION_ACCESS_VIOLATION (0xc0000005) at pc=0x00007ff97da7b617]

VM state: not at safepoint (not fully initialized)

VM Mutex/Monitor currently owned by a thread:  ([mutex/lock_event])
[0x000002170cafaa20] Heap_lock - owner thread: 0x000002170cafe7e0

Heap address: 0x00000006c0000000, size: 4096 MB, Compressed Oops mode: Zero based, Oop shift amount: 3

CDS archive(s) not mapped
Narrow klass base: 0x0000000000000000, Narrow klass shift: 0, Narrow klass range: 0x0

GC Precious Log:
<Empty>

Heap:
 garbage-first heap   total 0K, used 0K [0x00000006c0000000, 0x00000007c0000000)
  region size 2048K, 0 young (0K), 0 survivors (0K)

[error occurred during error reporting (printing heap information), id 0xc0000005, EXCEPTION_ACCESS_VIOLATION (0xc0000005) at pc=0x00007ff97de5fcb9]

GC Heap History (0 events):
No events

Dll operation events (1 events):
Event: 0.005 Loaded shared library C:\Program Files\Eclipse Adoptium\jdk-17.0.5.8-hotspot\bin\java.dll

Deoptimization events (0 events):
No events

Classes unloaded (0 events):
No events

Classes redefined (0 events):
No events

Internal exceptions (0 events):
No events

VM Operations (0 events):
No events

Events (0 events):
No events


Dynamic libraries:
0x00007ff7d5cc0000 - 0x00007ff7d5cce000 	C:\Program Files\Eclipse Adoptium\jdk-17.0.5.8-hotspot\bin\java.exe
0x00007ffa1f1c0000 - 0x00007ffa1f3c9000 	C:\WINDOWS\SYSTEM32\ntdll.dll
0x00007ffa1ec00000 - 0x00007ffa1ecbe000 	C:\WINDOWS\System32\KERNEL32.DLL
0x00007ffa1c690000 - 0x00007ffa1ca0b000 	C:\WINDOWS\System32\KERNELBASE.dll
0x00007ffa1ccf0000 - 0x00007ffa1ce01000 	C:\WINDOWS\System32\ucrtbase.dll
0x00007ffa11650000 - 0x00007ffa11669000 	C:\Program Files\Eclipse Adoptium\jdk-17.0.5.8-hotspot\bin\VCRUNTIME140.dll
0x00007ffa11860000 - 0x00007ffa11877000 	C:\Program Files\Eclipse Adoptium\jdk-17.0.5.8-hotspot\bin\jli.dll
0x00007ffa1d040000 - 0x00007ffa1d1ed000 	C:\WINDOWS\System32\USER32.dll
0x00007ffa1cb20000 - 0x00007ffa1cb46000 	C:\WINDOWS\System32\win32u.dll
0x00007ff9f9c80000 - 0x00007ff9f9f25000 	C:\WINDOWS\WinSxS\amd64_microsoft.windows.common-controls_6595b64144ccf1df_6.0.22000.120_none_9d947278b86cc467\COMCTL32.dll
0x00007ffa1d6d0000 - 0x00007ffa1d6f9000 	C:\WINDOWS\System32\GDI32.dll
0x00007ffa1f050000 - 0x00007ffa1f0f3000 	C:\WINDOWS\System32\msvcrt.dll
0x00007ffa1cbd0000 - 0x00007ffa1cce8000 	C:\WINDOWS\System32\gdi32full.dll
0x00007ffa1ca10000 - 0x00007ffa1caad000 	C:\WINDOWS\System32\msvcp_win.dll
0x00007ffa1ddc0000 - 0x00007ffa1ddf2000 	C:\WINDOWS\System32\IMM32.DLL
0x00007ffa11560000 - 0x00007ffa1156c000 	C:\Program Files\Eclipse Adoptium\jdk-17.0.5.8-hotspot\bin\vcruntime140_1.dll
0x00007ff9ce170000 - 0x00007ff9ce201000 	C:\Program Files\Eclipse Adoptium\jdk-17.0.5.8-hotspot\bin\msvcp140.dll
0x00007ff97d790000 - 0x00007ff97e3d4000 	C:\Program Files\Eclipse Adoptium\jdk-17.0.5.8-hotspot\bin\server\jvm.dll
0x00007ffa1d8a0000 - 0x00007ffa1d94e000 	C:\WINDOWS\System32\ADVAPI32.dll
0x00007ffa1d1f0000 - 0x00007ffa1d28e000 	C:\WINDOWS\System32\sechost.dll
0x00007ffa1d490000 - 0x00007ffa1d5b0000 	C:\WINDOWS\System32\RPCRT4.dll
0x00007ffa05c30000 - 0x00007ffa05c39000 	C:\WINDOWS\SYSTEM32\WSOCK32.dll
0x00007ffa14d90000 - 0x00007ffa14dc3000 	C:\WINDOWS\SYSTEM32\WINMM.dll
0x00007ffa12e90000 - 0x00007ffa12e9a000 	C:\WINDOWS\SYSTEM32\VERSION.dll
0x00007ffa1efb0000 - 0x00007ffa1f01f000 	C:\WINDOWS\System32\WS2_32.dll
0x00007ffa1b800000 - 0x00007ffa1b818000 	C:\WINDOWS\SYSTEM32\kernel.appcore.dll
0x00007ffa10120000 - 0x00007ffa1012a000 	C:\Program Files\Eclipse Adoptium\jdk-17.0.5.8-hotspot\bin\jimage.dll
0x00007ffa1a030000 - 0x00007ffa1a251000 	C:\WINDOWS\SYSTEM32\DBGHELP.DLL
0x00007ffa14d50000 - 0x00007ffa14d81000 	C:\WINDOWS\SYSTEM32\dbgcore.DLL
0x00007ffa1cb50000 - 0x00007ffa1cbcf000 	C:\WINDOWS\System32\bcryptPrimitives.dll
0x00007ff9f0c90000 - 0x00007ff9f0cb5000 	C:\Program Files\Eclipse Adoptium\jdk-17.0.5.8-hotspot\bin\java.dll

dbghelp: loaded successfully - version: 4.0.5 - missing functions: none
symbol engine: initialized successfully - sym options: 0x614 - pdb path: .;C:\Program Files\Eclipse Adoptium\jdk-17.0.5.8-hotspot\bin;C:\WINDOWS\SYSTEM32;C:\WINDOWS\WinSxS\amd64_microsoft.windows.common-controls_6595b64144ccf1df_6.0.22000.120_none_9d947278b86cc467;C:\Program Files\Eclipse Adoptium\jdk-17.0.5.8-hotspot\bin\server

VM Arguments:
jvm_args: -Xshare:off -XX:MaxInlineSize=40 -Djdk.attach.allowAttachSelf -Xmx4G -Xms4G 
java_command: .\AI_chess.jar
java_class_path (initial): .\AI_chess.jar
Launcher Type: SUN_STANDARD

[Global flags]
     intx CICompilerCount                          = 4                                         {product} {ergonomic}
     uint ConcGCThreads                            = 2                                         {product} {ergonomic}
     uint G1ConcRefinementThreads                  = 8                                         {product} {ergonomic}
   size_t G1HeapRegionSize                         = 2097152                                   {product} {ergonomic}
    uintx GCDrainStackTargetSize                   = 64                                        {product} {ergonomic}
   size_t InitialHeapSize                          = 4294967296                                {product} {command line}
   size_t MarkStackSize                            = 4194304                                   {product} {ergonomic}
   size_t MaxHeapSize                              = 4294967296                                {product} {command line}
     intx MaxInlineSize                            = 40                                     {C2 product} {command line}
   size_t MinHeapDeltaBytes                        = 2097152                                   {product} {ergonomic}
   size_t MinHeapSize                              = 4294967296                                {product} {command line}
    uintx NonNMethodCodeHeapSize                   = 5839372                                {pd product} {ergonomic}
    uintx NonProfiledCodeHeapSize                  = 122909434                              {pd product} {ergonomic}
    uintx ProfiledCodeHeapSize                     = 122909434                              {pd product} {ergonomic}
     bool RequireSharedSpaces                      = false                                     {product} {command line}
    uintx ReservedCodeCacheSize                    = 251658240                              {pd product} {ergonomic}
     bool SegmentedCodeCache                       = true                                      {product} {ergonomic}
   size_t SoftMaxHeapSize                          = 4294967296                             {manageable} {ergonomic}
     bool UseCompressedClassPointers               = true                           {product lp64_product} {ergonomic}
     bool UseCompressedOops                        = true                           {product lp64_product} {ergonomic}
     bool UseG1GC                                  = true                                      {product} {ergonomic}
     bool UseLargePagesIndividualAllocation        = false                                  {pd product} {ergonomic}
     bool UseSharedSpaces                          = false                                     {product} {command line}

Logging:
Log output configuration:
 #0: stdout all=warning uptime,level,tags
 #1: stderr all=off uptime,level,tags

Environment Variables:
JAVA_HOME=C:\Program Files\Java\jdk-11.0.13
PATH=C:\Program Files\Eclipse Adoptium\jdk-17.0.5.8-hotspot\bin;C:\Program Files\Java\jdk-11.0.13\bin;C:\ProgramData\Oracle\Java\javapath;C:\Program Files\Common Files\Oracle\Java\javapath;C:\Program Files (x86)\Common Files\Oracle\Java\javapath;C:\Windows\system32;C:\Windows;C:\Windows\System32\Wbem;C:\Windows\System32\WindowsPowerShell\v1.0\;C:\Windows\System32\OpenSSH\;C:\Program Files (x86)\NVIDIA Corporation\PhysX\Common;C:\Program Files\NVIDIA Corporation\NVIDIA NvDLISR;C:\mingw\mingw64\bin;C:\WINDOWS\system32;C:\WINDOWS;C:\WINDOWS\System32\Wbem;C:\WINDOWS\System32\WindowsPowerShell\v1.0\;C:\WINDOWS\System32\OpenSSH\;C:\Program Files\Git\cmd;C:\Program Files\Perforce\;C:\Program Files\dotnet\;C:\Ruby31-x64\bin;C:\Users\aboug\Documents\MDI\apache-maven-3.8.4\bin;C:\Users\aboug\AppData\Local\Programs\Microsoft VS Code\bin;C:\Users\aboug\AppData\Local\GitHubDesktop\bin
USERNAME=aboug
OS=Windows_NT
PROCESSOR_IDENTIFIER=Intel64 Family 6 Model 165 Stepping 2, GenuineIntel
TMP=C:\Users\aboug\AppData\Local\Temp
TEMP=C:\Users\aboug\AppData\Local\Temp



---------------  S Y S T E M  ---------------

OS:
 Windows 11 , 64 bit Build 22000 (10.0.22000.1219)
OS uptime: 2 days 1:22 hours

CPU: total 8 (initial active 8) (4 cores per cpu, 2 threads per core) family 6 model 165 stepping 2 microcode 0xf0, cx8, cmov, fxsr, ht, mmx, 3dnowpref, sse, sse2, sse3, ssse3, sse4.1, sse4.2, popcnt, lzcnt, tsc, tscinvbit, avx, avx2, aes, erms, clmul, bmi1, bmi2, adx, fma, vzeroupper, clflush, clflushopt

Memory: 4k page, system-wide physical 7953M (1118M free)
TotalPageFile size 31698M (AvailPageFile size 2018M)
current process WorkingSet (physical memory assigned to process): 10M, peak: 10M
current process commit charge ("private bytes"): 60M, peak: 4156M

vm_info: OpenJDK 64-Bit Server VM (17.0.5+8) for windows-amd64 JRE (17.0.5+8), built on Oct 19 2022 04:48:13 by "temurin" with MS VC++ 16.7 (VS2019)

END.
